Unity Editor version:    2020.3.33f1 (915a7af8b0d5)
Branch:                  2020.3/staging
Build type:              Release
Batch mode:              YES
macOS version:           Version 12.1 (Build 21C52)
Darwin version:          21.2.0
Architecture:            x86_64
Running under Rosetta:   YES
Available memory:        8192 MB
Using pre-set license
Pro License: NO

COMMAND LINE ARGUMENTS:
/Applications/Unity/Unity.app/Contents/MacOS/Unity
-adb2
-batchMode
-noUpm
-name
AssetImportWorker0
-projectPath
/Users/esradag/Desktop/BootcampUnityGame/BootcampUnityGame
-logFile
Logs/AssetImportWorker0.log
-srvPort
61116
Successfully changed project path to: /Users/esradag/Desktop/BootcampUnityGame/BootcampUnityGame
/Users/esradag/Desktop/BootcampUnityGame/BootcampUnityGame
Using Asset Import Pipeline V2.
Refreshing native plugins compatible for Editor in 30.20 ms, found 2 plugins.
Preloading 0 native plugins for Editor in 0.00 ms.
Initialize engine version: 2020.3.33f1 (915a7af8b0d5)
[Subsystems] Discovering subsystems at path /Applications/Unity/Unity.app/Contents/Resources/UnitySubsystems
[Subsystems] Discovering subsystems at path /Users/esradag/Desktop/BootcampUnityGame/BootcampUnityGame/Assets
GfxDevice: creating device client; threaded=0
2022-05-19 14:45:56.893 Unity[27187:659828] (null) preferred device: Apple M1 (high power)
2022-05-19 14:45:56.893 Unity[27187:659828] Metal devices available: 1
2022-05-19 14:45:56.893 Unity[27187:659828] 0: Apple M1 (high power)
2022-05-19 14:45:56.894 Unity[27187:659828] Using device Apple M1 (high power)
Initializing Metal device caps: Apple M1
Initialize mono
Mono path[0] = '/Applications/Unity/Unity.app/Contents/Managed'
Mono path[1] = '/Applications/Unity/Unity.app/Contents/MonoBleedingEdge/lib/mono/unityjit'
Mono config path = '/Applications/Unity/Unity.app/Contents/MonoBleedingEdge/etc'
Using monoOptions --debugger-agent=transport=dt_socket,embedding=1,server=y,suspend=n,address=127.0.0.1:56187
Begin MonoManager ReloadAssembly
Registering precompiled unity dll's ...
Register platform support module: /Applications/Unity/Unity.app/Contents/PlaybackEngines/MacStandaloneSupport/UnityEditor.OSXStandalone.Extensions.dll
Registered in 0.000996 seconds.
Native extension for OSXStandalone target not found
Refreshing native plugins compatible for Editor in 30.75 ms, found 2 plugins.
Preloading 0 native plugins for Editor in 0.00 ms.
Mono: successfully reloaded assembly
- Completed reload, in  1.345 seconds
Domain Reload Profiling:
	ReloadAssembly (1345ms)
		BeginReloadAssembly (124ms)
			ExecutionOrderSort (0ms)
			DisableScriptedObjects (0ms)
			BackupInstance (0ms)
			ReleaseScriptingObjects (0ms)
			CreateAndSetChildDomain (2ms)
		EndReloadAssembly (1105ms)
			LoadAssemblies (122ms)
			RebuildTransferFunctionScriptingTraits (1ms)
			SetupTypeCache (185ms)
			ReleaseScriptCaches (0ms)
			RebuildScriptCaches (41ms)
			SetupLoadedEditorAssemblies (539ms)
				LogAssemblyErrors (0ms)
				InitializePlatformSupportModulesInManaged (13ms)
				SetLoadedEditorAssemblies (1ms)
				RefreshPlugins (31ms)
				BeforeProcessingInitializeOnLoad (81ms)
				ProcessInitializeOnLoadAttributes (312ms)
				ProcessInitializeOnLoadMethodAttributes (101ms)
				AfterProcessingInitializeOnLoad (0ms)
				EditorAssembliesLoaded (1ms)
			ExecutionOrderSort2 (0ms)
			AwakeInstancesAfterBackupRestoration (0ms)
Platform modules already initialized, skipping
Registering precompiled user dll's ...
Registered in 0.002413 seconds.
Begin MonoManager ReloadAssembly
Symbol file LoadedFromMemory doesn't match image /Users/esradag/Desktop/BootcampUnityGame/BootcampUnityGame/Library/PackageCache/com.unity.collab-proxy@1.15.15/Lib/Editor/PlasticSCM/unityplastic.dll
Native extension for OSXStandalone target not found
Refreshing native plugins compatible for Editor in 0.31 ms, found 2 plugins.
Preloading 0 native plugins for Editor in 0.00 ms.
Mono: successfully reloaded assembly
- Completed reload, in  2.150 seconds
Domain Reload Profiling:
	ReloadAssembly (2151ms)
		BeginReloadAssembly (265ms)
			ExecutionOrderSort (0ms)
			DisableScriptedObjects (34ms)
			BackupInstance (0ms)
			ReleaseScriptingObjects (0ms)
			CreateAndSetChildDomain (31ms)
		EndReloadAssembly (1796ms)
			LoadAssemblies (209ms)
			RebuildTransferFunctionScriptingTraits (0ms)
			SetupTypeCache (321ms)
			ReleaseScriptCaches (0ms)
			RebuildScriptCaches (52ms)
			SetupLoadedEditorAssemblies (981ms)
				LogAssemblyErrors (0ms)
				InitializePlatformSupportModulesInManaged (15ms)
				SetLoadedEditorAssemblies (1ms)
				RefreshPlugins (0ms)
				BeforeProcessingInitializeOnLoad (221ms)
				ProcessInitializeOnLoadAttributes (712ms)
				ProcessInitializeOnLoadMethodAttributes (29ms)
				AfterProcessingInitializeOnLoad (1ms)
				EditorAssembliesLoaded (0ms)
			ExecutionOrderSort2 (0ms)
			AwakeInstancesAfterBackupRestoration (32ms)
Platform modules already initialized, skipping
Validating Project structure ... 0.000611 seconds.
Shader import version has changed; will reimport all shaders...
Upgrading shader files ...0.000705 seconds.
Application.AssetDatabase Initial Script Refresh Start
RefreshInfo: InitialScriptRefreshV2(NoUpdateAssetOptions) scanfilter:  ... 1 filters
RefreshProfiler: Total: 0.000ms
Application.AssetDatabase Initial Script Refresh End
Application.AssetDatabase.Refresh Start
Application.AssetDatabase.Refresh End
RefreshInfo: StopAssetImportingV2(ForceSynchronousImport) scanfilter: 
RefreshProfiler: Total: 0.000ms
Launching external process: /Applications/Unity/Unity.app/Contents/Tools/UnityShaderCompiler
Launched and connected shader compiler UnityShaderCompiler after 0.04 seconds
Initializing Unity extensions:
2022-05-19 14:46:01.254 Unity[27187:659828] NSEventModifierFlagFunction specified to -setKeyEquivalentModifierMask: for item <NSMenuItem: 0x600003ec9ff0 Font Asset, ke='Command-F12'>, but is only supported for system-provided menu items; will not be used
2022-05-19 14:46:01.257 Unity[27187:659828] NSEventModifierFlagFunction specified to -setKeyEquivalentModifierMask: for item <NSMenuItem: 0x600003eb9260 Font Asset, ke='Command-F12'>, but is only supported for system-provided menu items; will not be used
========================================================================
Worker process is ready to serve import requests
Refreshing native plugins compatible for Editor in 0.17 ms, found 2 plugins.
Preloading 0 native plugins for Editor in 0.00 ms.
Unloading 1509 Unused Serialized files (Serialized files now loaded: 0)
System memory in use before: 178.2 MB.
System memory in use after: 177.3 MB.

Unloading 77 unused Assets to reduce memory usage. Loaded Objects now: 1984.
Total: 2.315375 ms (FindLiveObjects: 0.077625 ms CreateObjectMapping: 0.028750 ms MarkObjects: 1.808583 ms  DeleteObjects: 0.398792 ms)

AssetImportParameters requested are different than current active one (requested -> active):
  custom:video-decoder-ogg-theora: a1e56fd34408186e4bbccfd4996cb3dc -> 
  custom:container-muxer-webm: aa71ff27fc2769a1b78a27578f13a17b -> 
  custom:container-demuxer-webm: 4f35f7cbe854078d1ac9338744f61a02 -> 
  custom:container-demuxer-ogg: 62fdf1f143b41e24485cea50d1cbac27 -> 
  custom:video-encoder-webm-vp8: eb34c28f22e8b96e1ab97ce403110664 -> 
  custom:framework-osx-AVFoundation: e770b220cccbd017edd2c1fefb359320 -> 
  custom:video-decoder-webm-vp8: 9c59270c3fd7afecdb556c50c9e8de78 -> 
  custom:audio-decoder-ogg-vorbis: bf7c407c2cedff20999df2af8eb42d56 -> 
  custom:audio-encoder-webm-vorbis: bf7c407c2cedff20999df2af8eb42d56 -> 
========================================================================
Received Import Request.
  path: Assets/New Terrain 2.asset
  artifactKey: Guid(22b5356caee3d4598b90de3b1db7285b) Importer(815301076,1909f56bfc062723c751e8b465ee728b)
Start importing Assets/New Terrain 2.asset using Guid(22b5356caee3d4598b90de3b1db7285b) Importer(815301076,1909f56bfc062723c751e8b465ee728b)  -> (artifact id: '71cb0d59167f1132617fd9ec05f94c92') in 0.516956 seconds 
========================================================================
Received Import Request.
  Time since last request: 0.000781 seconds.
  path: Assets/New Terrain.asset
  artifactKey: Guid(a64afbb7884044a3fb539df9c9f685a9) Importer(815301076,1909f56bfc062723c751e8b465ee728b)
Start importing Assets/New Terrain.asset using Guid(a64afbb7884044a3fb539df9c9f685a9) Importer(815301076,1909f56bfc062723c751e8b465ee728b)  -> (artifact id: '6a4ccedd2eb82e499987c256e508728f') in 0.004559 seconds 
========================================================================
Received Import Request.
  Time since last request: 0.000200 seconds.
  path: Assets/New Terrain 4.asset
  artifactKey: Guid(85d168c56db674e4fac80a63e9e43615) Importer(815301076,1909f56bfc062723c751e8b465ee728b)
Start importing Assets/New Terrain 4.asset using Guid(85d168c56db674e4fac80a63e9e43615) Importer(815301076,1909f56bfc062723c751e8b465ee728b)  -> (artifact id: 'cdd534fddeefef9ff83f349d30305821') in 0.004146 seconds 
========================================================================
Received Import Request.
  Time since last request: 0.000155 seconds.
  path: Assets/New Terrain 3.asset
  artifactKey: Guid(370ccc3db44134af4bb36163880ebff5) Importer(815301076,1909f56bfc062723c751e8b465ee728b)
Start importing Assets/New Terrain 3.asset using Guid(370ccc3db44134af4bb36163880ebff5) Importer(815301076,1909f56bfc062723c751e8b465ee728b)  -> (artifact id: '6e888f4341c3a3c9f56d5104cac89586') in 0.003865 seconds 
========================================================================
Received Import Request.
  Time since last request: 0.000202 seconds.
  path: Assets/zemin.mat
  artifactKey: Guid(bac9d2de08cfc455a8eed85876b39727) Importer(815301076,1909f56bfc062723c751e8b465ee728b)
Start importing Assets/zemin.mat using Guid(bac9d2de08cfc455a8eed85876b39727) Importer(815301076,1909f56bfc062723c751e8b465ee728b)  -> (artifact id: '83d7c10398adec2b9bacdd2d5845e07a') in 0.710257 seconds 
========================================================================
Received Import Request.
  Time since last request: 0.000219 seconds.
  path: Assets/New Terrain 1.asset
  artifactKey: Guid(befbc529f03b641deb0ac11344ef5d1c) Importer(815301076,1909f56bfc062723c751e8b465ee728b)
Start importing Assets/New Terrain 1.asset using Guid(befbc529f03b641deb0ac11344ef5d1c) Importer(815301076,1909f56bfc062723c751e8b465ee728b)  -> (artifact id: 'ec3361f6c81b2f96d1fdbed412bdae39') in 0.032086 seconds 
========================================================================
Received Import Request.
  Time since last request: 0.002561 seconds.
  path: Assets/NewLayer.terrainlayer
  artifactKey: Guid(3a7a99b3599b547949cc3f4716f106ae) Importer(815301076,1909f56bfc062723c751e8b465ee728b)
Start importing Assets/NewLayer.terrainlayer using Guid(3a7a99b3599b547949cc3f4716f106ae) Importer(815301076,1909f56bfc062723c751e8b465ee728b)  -> (artifact id: 'd1d7ae1fe3f641529ffb59222dd10dd1') in 0.089882 seconds 
========================================================================
Received Import Request.
  Time since last request: 4.382027 seconds.
  path: Assets/base/base2.fbx
  artifactKey: Guid(24df9c230325f41f99d9f91b24d678ea) Importer(815301076,1909f56bfc062723c751e8b465ee728b)
Start importing Assets/base/base2.fbx using Guid(24df9c230325f41f99d9f91b24d678ea) Importer(815301076,1909f56bfc062723c751e8b465ee728b)  -> (artifact id: '4e33a39751150b5666645593012a2969') in 0.223597 seconds 
========================================================================
Received Import Request.
  Time since last request: 0.000227 seconds.
  path: Assets/base/base5.fbx
  artifactKey: Guid(98adc9ff3b69042659440afd3773bde9) Importer(815301076,1909f56bfc062723c751e8b465ee728b)
Start importing Assets/base/base5.fbx using Guid(98adc9ff3b69042659440afd3773bde9) Importer(815301076,1909f56bfc062723c751e8b465ee728b)  -> (artifact id: '1b41b9a07af7b6da003feccd6fcb5bdf') in 0.034975 seconds 
========================================================================
Received Import Request.
  Time since last request: 1.025372 seconds.
  path: Assets/landscape/dagaltıgen.fbx
  artifactKey: Guid(593e81ce4908d4bff906c780a3d5acf6) Importer(815301076,1909f56bfc062723c751e8b465ee728b)
Start importing Assets/landscape/dagaltıgen.fbx using Guid(593e81ce4908d4bff906c780a3d5acf6) Importer(815301076,1909f56bfc062723c751e8b465ee728b)  -> (artifact id: 'f8c23c20bc85566413f544ddfc53ac02') in 0.035033 seconds 
========================================================================
Received Import Request.
  Time since last request: 0.000212 seconds.
  path: Assets/landscape/NewLayer.terrainlayer
  artifactKey: Guid(1a02e223041f34b829f21f7c2685f12a) Importer(815301076,1909f56bfc062723c751e8b465ee728b)
Start importing Assets/landscape/NewLayer.terrainlayer using Guid(1a02e223041f34b829f21f7c2685f12a) Importer(815301076,1909f56bfc062723c751e8b465ee728b)  -> (artifact id: 'aa81e1eac2c1b051c56c8463cd1f1e52') in 0.010631 seconds 
========================================================================
Received Import Request.
  Time since last request: 0.000182 seconds.
  path: Assets/landscape/delik.fbx
  artifactKey: Guid(adb5ab8bf79c9428babfa2c0e7be7317) Importer(815301076,1909f56bfc062723c751e8b465ee728b)
Start importing Assets/landscape/delik.fbx using Guid(adb5ab8bf79c9428babfa2c0e7be7317) Importer(815301076,1909f56bfc062723c751e8b465ee728b)  -> (artifact id: '7a6a6964487707e0b13c6662179e58b7') in 0.022018 seconds 
========================================================================
Received Import Request.
  Time since last request: 0.000135 seconds.
  path: Assets/landscape/mountain3.fbx
  artifactKey: Guid(02389fd68b24145b2a56ec0d4d819e13) Importer(815301076,1909f56bfc062723c751e8b465ee728b)
Start importing Assets/landscape/mountain3.fbx using Guid(02389fd68b24145b2a56ec0d4d819e13) Importer(815301076,1909f56bfc062723c751e8b465ee728b)  -> (artifact id: 'a1ce9cdb20861ee8f4c9ed2627a6cef7') in 0.018173 seconds 
========================================================================
Received Import Request.
  Time since last request: 0.000164 seconds.
  path: Assets/landscape/mountain.fbx
  artifactKey: Guid(04a588474b2c34fe888045c95ba14d56) Importer(815301076,1909f56bfc062723c751e8b465ee728b)
Start importing Assets/landscape/mountain.fbx using Guid(04a588474b2c34fe888045c95ba14d56) Importer(815301076,1909f56bfc062723c751e8b465ee728b)  -> (artifact id: 'd604cc7c0d8df577dd2d909da654a764') in 0.032853 seconds 
========================================================================
Received Import Request.
  Time since last request: 0.000183 seconds.
  path: Assets/landscape/dagbasic.fbx
  artifactKey: Guid(f9f2840d4b8464d509e47df1508091e9) Importer(815301076,1909f56bfc062723c751e8b465ee728b)
Start importing Assets/landscape/dagbasic.fbx using Guid(f9f2840d4b8464d509e47df1508091e9) Importer(815301076,1909f56bfc062723c751e8b465ee728b)  -> (artifact id: 'ed12c259bcb57065d8ad26b57767d093') in 0.017501 seconds 
========================================================================
Received Import Request.
  Time since last request: 0.000166 seconds.
  path: Assets/landscape/mountain2 .fbx
  artifactKey: Guid(1ee9547d1ab644c53bfdbe19ac489ac0) Importer(815301076,1909f56bfc062723c751e8b465ee728b)
Start importing Assets/landscape/mountain2 .fbx using Guid(1ee9547d1ab644c53bfdbe19ac489ac0) Importer(815301076,1909f56bfc062723c751e8b465ee728b)  -> (artifact id: 'd86c01dc2e4eb7089dc7eda1b8537d5d') in 0.019346 seconds 
========================================================================
Received Import Request.
  Time since last request: 0.000179 seconds.
  path: Assets/landscape/plane.fbx
  artifactKey: Guid(42032a9227f9f4ba7b768285a9d14cd6) Importer(815301076,1909f56bfc062723c751e8b465ee728b)
Start importing Assets/landscape/plane.fbx using Guid(42032a9227f9f4ba7b768285a9d14cd6) Importer(815301076,1909f56bfc062723c751e8b465ee728b)  -> (artifact id: '7cb0ac9bbf9c187d6d937f8cb4356adf') in 0.021079 seconds 
========================================================================
Received Import Request.
  Time since last request: 0.332473 seconds.
  path: Assets/Materials/çevre.mat
  artifactKey: Guid(3b705338797e947aa8ce598caf2ea17f) Importer(815301076,1909f56bfc062723c751e8b465ee728b)
Start importing Assets/Materials/çevre.mat using Guid(3b705338797e947aa8ce598caf2ea17f) Importer(815301076,1909f56bfc062723c751e8b465ee728b)  -> (artifact id: 'b720c0733901fee2e77bbec923c53287') in 0.011670 seconds 
========================================================================
Received Import Request.
  Time since last request: 0.000283 seconds.
  path: Assets/Materials/StartMat.mat
  artifactKey: Guid(126ba543ea5bf4b5fa3f26e80c6193ed) Importer(815301076,1909f56bfc062723c751e8b465ee728b)
Start importing Assets/Materials/StartMat.mat using Guid(126ba543ea5bf4b5fa3f26e80c6193ed) Importer(815301076,1909f56bfc062723c751e8b465ee728b)  -> (artifact id: 'ea50492ceb3f55c5abe6fe2283d65829') in 0.009811 seconds 
========================================================================
Received Import Request.
  Time since last request: 0.000210 seconds.
  path: Assets/Materials/NodeMat.mat
  artifactKey: Guid(ee99b444ebecf4127810da221049604e) Importer(815301076,1909f56bfc062723c751e8b465ee728b)
Start importing Assets/Materials/NodeMat.mat using Guid(ee99b444ebecf4127810da221049604e) Importer(815301076,1909f56bfc062723c751e8b465ee728b)  -> (artifact id: '13a30c39374b531f2541e66bd411ace9') in 0.008494 seconds 
========================================================================
Received Import Request.
  Time since last request: 0.000179 seconds.
  path: Assets/Materials/eneymaterial.mat
  artifactKey: Guid(c048fb0b8adda4d698831a3cc22a9870) Importer(815301076,1909f56bfc062723c751e8b465ee728b)
Start importing Assets/Materials/eneymaterial.mat using Guid(c048fb0b8adda4d698831a3cc22a9870) Importer(815301076,1909f56bfc062723c751e8b465ee728b)  -> (artifact id: '8b67f6073993b85c5917645d5542e894') in 0.010125 seconds 
========================================================================
Received Import Request.
  Time since last request: 0.000170 seconds.
  path: Assets/Materials/EndMat.mat
  artifactKey: Guid(2e0824eb8942b45dbaba2815ab0cbb84) Importer(815301076,1909f56bfc062723c751e8b465ee728b)
Start importing Assets/Materials/EndMat.mat using Guid(2e0824eb8942b45dbaba2815ab0cbb84) Importer(815301076,1909f56bfc062723c751e8b465ee728b)  -> (artifact id: 'a240a1552c56e5bfba55cbb09b0c85ae') in 0.008134 seconds 
========================================================================
Received Import Request.
  Time since last request: 0.000178 seconds.
  path: Assets/Materials/New Material.mat
  artifactKey: Guid(d862870957a954ae4892d4e37b4f52a7) Importer(815301076,1909f56bfc062723c751e8b465ee728b)
Start importing Assets/Materials/New Material.mat using Guid(d862870957a954ae4892d4e37b4f52a7) Importer(815301076,1909f56bfc062723c751e8b465ee728b)  -> (artifact id: '14ea8508b3753ea5f8d1f1ea5cdd44fe') in 0.007879 seconds 
========================================================================
Received Import Request.
  Time since last request: 0.000172 seconds.
  path: Assets/Materials/nodeMat 1.mat
  artifactKey: Guid(d8797945194d745689cd60c89ccab5a4) Importer(815301076,1909f56bfc062723c751e8b465ee728b)
Start importing Assets/Materials/nodeMat 1.mat using Guid(d8797945194d745689cd60c89ccab5a4) Importer(815301076,1909f56bfc062723c751e8b465ee728b)  -> (artifact id: 'f8bebe2de277bc6c0bd486d7a3e57169') in 0.009537 seconds 
========================================================================
Received Import Request.
  Time since last request: 0.000163 seconds.
  path: Assets/Materials/yolMat.mat
  artifactKey: Guid(6a940ff6f077c45b58a3790bda31afea) Importer(815301076,1909f56bfc062723c751e8b465ee728b)
Start importing Assets/Materials/yolMat.mat using Guid(6a940ff6f077c45b58a3790bda31afea) Importer(815301076,1909f56bfc062723c751e8b465ee728b)  -> (artifact id: '8f57bb862f4df4e49fb8a9efeb4259ab') in 0.007962 seconds 
========================================================================
Received Import Request.
  Time since last request: 0.524540 seconds.
  path: Assets/Prefabs/End.prefab
  artifactKey: Guid(f697172c2059440c5a9390420e625c98) Importer(815301076,1909f56bfc062723c751e8b465ee728b)
Start importing Assets/Prefabs/End.prefab using Guid(f697172c2059440c5a9390420e625c98) Importer(815301076,1909f56bfc062723c751e8b465ee728b)  -> (artifact id: 'cabeccce3511d733962a38be2b3ff3e5') in 0.082179 seconds 
========================================================================
Received Import Request.
  Time since last request: 0.000195 seconds.
  path: Assets/Prefabs/Enemy.prefab
  artifactKey: Guid(15681c979524141a69e1e37d2d400454) Importer(815301076,1909f56bfc062723c751e8b465ee728b)
Start importing Assets/Prefabs/Enemy.prefab using Guid(15681c979524141a69e1e37d2d400454) Importer(815301076,1909f56bfc062723c751e8b465ee728b)  -> (artifact id: '31d0a6c00e230ba7d5e78aa8dc2e160a') in 0.007658 seconds 
========================================================================
Received Import Request.
  Time since last request: 0.000180 seconds.
  path: Assets/Prefabs/Node.prefab
  artifactKey: Guid(b7e7bec4ba5f24386937e2165dd64367) Importer(815301076,1909f56bfc062723c751e8b465ee728b)
Start importing Assets/Prefabs/Node.prefab using Guid(b7e7bec4ba5f24386937e2165dd64367) Importer(815301076,1909f56bfc062723c751e8b465ee728b)  -> (artifact id: '9e7884d7ecc48ea1c5480f783c03064c') in 0.007050 seconds 
========================================================================
Received Import Request.
  Time since last request: 0.000146 seconds.
  path: Assets/Prefabs/Start.prefab
  artifactKey: Guid(f4bd74e14af9e41c39d5142b0f213025) Importer(815301076,1909f56bfc062723c751e8b465ee728b)
Start importing Assets/Prefabs/Start.prefab using Guid(f4bd74e14af9e41c39d5142b0f213025) Importer(815301076,1909f56bfc062723c751e8b465ee728b)  -> (artifact id: 'bede19ee5146c35b436f0b88049c7d42') in 0.007331 seconds 
========================================================================
Received Import Request.
  Time since last request: 0.000150 seconds.
  path: Assets/Prefabs/Enemy 2.prefab
  artifactKey: Guid(d677c56b746b94b8fb9560d2b8582115) Importer(815301076,1909f56bfc062723c751e8b465ee728b)
Start importing Assets/Prefabs/Enemy 2.prefab using Guid(d677c56b746b94b8fb9560d2b8582115) Importer(815301076,1909f56bfc062723c751e8b465ee728b)  -> (artifact id: '582ff01f785c3a244d5d1a54db27789a') in 0.007047 seconds 
========================================================================
Received Import Request.
  Time since last request: 1.131711 seconds.
  path: Assets/Scenes/1.level.scenetemplate
  artifactKey: Guid(abadd51a3a0984679b973384762acd4d) Importer(815301076,1909f56bfc062723c751e8b465ee728b)
Start importing Assets/Scenes/1.level.scenetemplate using Guid(abadd51a3a0984679b973384762acd4d) Importer(815301076,1909f56bfc062723c751e8b465ee728b)  -> (artifact id: 'de3b62e407c425867b1f0ddba040d203') in 0.135050 seconds 
========================================================================
Received Import Request.
  Time since last request: 0.944817 seconds.
  path: Assets/Scenes/1.level.unity
  artifactKey: Guid(2387a4be14ec7455cae78e1f486430a0) Importer(815301076,1909f56bfc062723c751e8b465ee728b)
Start importing Assets/Scenes/1.level.unity using Guid(2387a4be14ec7455cae78e1f486430a0) Importer(815301076,1909f56bfc062723c751e8b465ee728b)  -> (artifact id: '409325cd590d572ad19a62578b9350c8') in 0.000708 seconds 
========================================================================
Received Import Request.
  Time since last request: 17.445985 seconds.
  path: Assets/Scenes/2.level.unity
  artifactKey: Guid(e7877efef1b014fe39659428854b1202) Importer(815301076,1909f56bfc062723c751e8b465ee728b)
Start importing Assets/Scenes/2.level.unity using Guid(e7877efef1b014fe39659428854b1202) Importer(815301076,1909f56bfc062723c751e8b465ee728b)  -> (artifact id: '5f72eb0dccce818e9f5fbfa5be631118') in 0.002216 seconds 
========================================================================
Received Import Request.
  Time since last request: 4.485239 seconds.
  path: Assets/new asset/altıgen23.fbx
  artifactKey: Guid(86491edf08a394f7584fe9c47fe62f51) Importer(815301076,1909f56bfc062723c751e8b465ee728b)
Start importing Assets/new asset/altıgen23.fbx using Guid(86491edf08a394f7584fe9c47fe62f51) Importer(815301076,1909f56bfc062723c751e8b465ee728b)  -> (artifact id: 'd02449007472ae011a94096507794279') in 0.041827 seconds 
========================================================================
Received Import Request.
  Time since last request: 0.000251 seconds.
  path: Assets/new asset/giriş.fbx
  artifactKey: Guid(a417d45674df24ffc9ec21bf78d058f3) Importer(815301076,1909f56bfc062723c751e8b465ee728b)
Start importing Assets/new asset/giriş.fbx using Guid(a417d45674df24ffc9ec21bf78d058f3) Importer(815301076,1909f56bfc062723c751e8b465ee728b)  -> (artifact id: '279df3a6674109ba87a86aeab4ae68b6') in 0.126105 seconds 
========================================================================
Received Import Request.
  Time since last request: 0.000181 seconds.
  path: Assets/new asset/altıgen24.fbx
  artifactKey: Guid(92200c590e0fc4e01a64fae4734bb3da) Importer(815301076,1909f56bfc062723c751e8b465ee728b)
Start importing Assets/new asset/altıgen24.fbx using Guid(92200c590e0fc4e01a64fae4734bb3da) Importer(815301076,1909f56bfc062723c751e8b465ee728b)  -> (artifact id: '94b382789ca8694d71eac05f6b7b7d22') in 0.014556 seconds 
========================================================================
Received Import Request.
  Time since last request: 0.000151 seconds.
  path: Assets/new asset/çevre dizaynı .fbx
  artifactKey: Guid(49111c4a562ee4d1fb955df30823a7c6) Importer(815301076,1909f56bfc062723c751e8b465ee728b)
Start importing Assets/new asset/çevre dizaynı .fbx using Guid(49111c4a562ee4d1fb955df30823a7c6) Importer(815301076,1909f56bfc062723c751e8b465ee728b)  -> (artifact id: '87d82ff41e225c02676929173d820fea') in 0.012982 seconds 
========================================================================
Received Import Request.
  Time since last request: 0.000193 seconds.
  path: Assets/new asset/zamin için .fbx
  artifactKey: Guid(55bf2b461208c4254a7b05b8e56bea4d) Importer(815301076,1909f56bfc062723c751e8b465ee728b)
Start importing Assets/new asset/zamin için .fbx using Guid(55bf2b461208c4254a7b05b8e56bea4d) Importer(815301076,1909f56bfc062723c751e8b465ee728b)  -> (artifact id: '6a47ab78b52e5e67bf3e6e0be464de3c') in 0.012110 seconds 
========================================================================
Received Import Request.
  Time since last request: 0.000196 seconds.
  path: Assets/new asset/BİNA2.fbx
  artifactKey: Guid(d7cb9833b0f2046a5a44508b54386e1d) Importer(815301076,1909f56bfc062723c751e8b465ee728b)
Start importing Assets/new asset/BİNA2.fbx using Guid(d7cb9833b0f2046a5a44508b54386e1d) Importer(815301076,1909f56bfc062723c751e8b465ee728b)  -> (artifact id: 'dc73f23441dd515361bfc00b489edf58') in 0.021794 seconds 
========================================================================
Received Import Request.
  Time since last request: 0.000219 seconds.
  path: Assets/new asset/altıgennnns.fbx
  artifactKey: Guid(0663bf362568c49a99c5471bea48851b) Importer(815301076,1909f56bfc062723c751e8b465ee728b)
Start importing Assets/new asset/altıgennnns.fbx using Guid(0663bf362568c49a99c5471bea48851b) Importer(815301076,1909f56bfc062723c751e8b465ee728b)  -> (artifact id: '0dc334cd883cc28a8dc36b6421cd6578') in 0.014461 seconds 
========================================================================
Received Import Request.
  Time since last request: 0.000212 seconds.
  path: Assets/new asset/yenigiriş.fbx
  artifactKey: Guid(33c8fde7759ac48849c807770c3d0bdd) Importer(815301076,1909f56bfc062723c751e8b465ee728b)
Start importing Assets/new asset/yenigiriş.fbx using Guid(33c8fde7759ac48849c807770c3d0bdd) Importer(815301076,1909f56bfc062723c751e8b465ee728b)  -> (artifact id: 'b899c6925ebd34ea3e19c85d08fca801') in 0.062044 seconds 
========================================================================
Received Import Request.
  Time since last request: 0.000164 seconds.
  path: Assets/new asset/bina1.fbx
  artifactKey: Guid(8c2463f3f8f444426942cc153f2fcc6f) Importer(815301076,1909f56bfc062723c751e8b465ee728b)
Start importing Assets/new asset/bina1.fbx using Guid(8c2463f3f8f444426942cc153f2fcc6f) Importer(815301076,1909f56bfc062723c751e8b465ee728b)  -> (artifact id: 'eb3a2db43985630538b8195f503e93ff') in 0.021773 seconds 
========================================================================
Received Import Request.
  Time since last request: 0.000264 seconds.
  path: Assets/new asset/ZEMİNNE.fbx
  artifactKey: Guid(a9c1d00560892451495f66f55c74fd03) Importer(815301076,1909f56bfc062723c751e8b465ee728b)
Start importing Assets/new asset/ZEMİNNE.fbx using Guid(a9c1d00560892451495f66f55c74fd03) Importer(815301076,1909f56bfc062723c751e8b465ee728b)  -> (artifact id: '7554e3283d6873edac602a2ea8042141') in 0.012461 seconds 
========================================================================
Received Import Request.
  Time since last request: 2.115480 seconds.
  path: Assets/stone/rock.fbx
  artifactKey: Guid(7d5d33da9506d430d8b0f0752b8cca5c) Importer(815301076,1909f56bfc062723c751e8b465ee728b)
Start importing Assets/stone/rock.fbx using Guid(7d5d33da9506d430d8b0f0752b8cca5c) Importer(815301076,1909f56bfc062723c751e8b465ee728b)  -> (artifact id: 'fd64563620c969a126fe14b4bd18195e') in 0.038245 seconds 
========================================================================
Received Import Request.
  Time since last request: 0.000224 seconds.
  path: Assets/stone/stone13.fbx
  artifactKey: Guid(8003ca835c6924847b046e03e4b6e813) Importer(815301076,1909f56bfc062723c751e8b465ee728b)
Start importing Assets/stone/stone13.fbx using Guid(8003ca835c6924847b046e03e4b6e813) Importer(815301076,1909f56bfc062723c751e8b465ee728b)  -> (artifact id: '4d514fa63145c2d6458d65dbed921f02') in 0.037210 seconds 
========================================================================
Received Import Request.
  Time since last request: 0.000162 seconds.
  path: Assets/stone/stone2 .fbx
  artifactKey: Guid(9606f48bc419a4adfbcb58450ad930a3) Importer(815301076,1909f56bfc062723c751e8b465ee728b)
Start importing Assets/stone/stone2 .fbx using Guid(9606f48bc419a4adfbcb58450ad930a3) Importer(815301076,1909f56bfc062723c751e8b465ee728b)  -> (artifact id: 'fd67b2788f6b46594dfd70d100893f73') in 0.028770 seconds 
========================================================================
Received Import Request.
  Time since last request: 0.000200 seconds.
  path: Assets/stone/STONE14.fbx
  artifactKey: Guid(2b634dc12cf2f4a2aa76eae1913c520a) Importer(815301076,1909f56bfc062723c751e8b465ee728b)
Start importing Assets/stone/STONE14.fbx using Guid(2b634dc12cf2f4a2aa76eae1913c520a) Importer(815301076,1909f56bfc062723c751e8b465ee728b)  -> (artifact id: '56ff65d69664bb57b9b837565a0e1a93') in 0.049746 seconds 
========================================================================
Received Import Request.
  Time since last request: 0.000213 seconds.
  path: Assets/stone/stone1.fbx
  artifactKey: Guid(dd2a213a0fb1d48c18f68d198ffe54df) Importer(815301076,1909f56bfc062723c751e8b465ee728b)
Start importing Assets/stone/stone1.fbx using Guid(dd2a213a0fb1d48c18f68d198ffe54df) Importer(815301076,1909f56bfc062723c751e8b465ee728b)  -> (artifact id: 'b8de6aaac70dab38caf680542d403fb4') in 0.024913 seconds 
========================================================================
Received Import Request.
  Time since last request: 0.000210 seconds.
  path: Assets/stone/stone3.fbx
  artifactKey: Guid(4358ea958366c4a7d8187a278abf2f03) Importer(815301076,1909f56bfc062723c751e8b465ee728b)
Start importing Assets/stone/stone3.fbx using Guid(4358ea958366c4a7d8187a278abf2f03) Importer(815301076,1909f56bfc062723c751e8b465ee728b)  -> (artifact id: '69ead7beb9fa048fc35a1e45d6f18058') in 0.025424 seconds 
========================================================================
Received Import Request.
  Time since last request: 0.220932 seconds.
  path: Assets/taret/taret1.fbx
  artifactKey: Guid(ec9454ae2823842ac923e23917c9790b) Importer(815301076,1909f56bfc062723c751e8b465ee728b)
Start importing Assets/taret/taret1.fbx using Guid(ec9454ae2823842ac923e23917c9790b) Importer(815301076,1909f56bfc062723c751e8b465ee728b)  -> (artifact id: '107e7454351ef9936bcde4bea149b13e') in 0.071503 seconds 
========================================================================
Received Import Request.
  Time since last request: 0.000168 seconds.
  path: Assets/taret/TARET4.fbx
  artifactKey: Guid(396bf50c2739d4814a4947cf12853f70) Importer(815301076,1909f56bfc062723c751e8b465ee728b)
Start importing Assets/taret/TARET4.fbx using Guid(396bf50c2739d4814a4947cf12853f70) Importer(815301076,1909f56bfc062723c751e8b465ee728b)  -> (artifact id: '172f6b174135ea1dd041b7da8ecbb4aa') in 0.078778 seconds 
========================================================================
Received Import Request.
  Time since last request: 0.000195 seconds.
  path: Assets/taret/taret3.fbx
  artifactKey: Guid(588cd79df017946b395b2835b3b01ffb) Importer(815301076,1909f56bfc062723c751e8b465ee728b)
Start importing Assets/taret/taret3.fbx using Guid(588cd79df017946b395b2835b3b01ffb) Importer(815301076,1909f56bfc062723c751e8b465ee728b)  -> (artifact id: 'd285104861f518f7ad59bc28fd1f94e6') in 0.073550 seconds 
========================================================================
Received Import Request.
  Time since last request: 0.000203 seconds.
  path: Assets/taret/taret5.fbx
  artifactKey: Guid(cf2cde983e7944a05baf2a787c5ff20a) Importer(815301076,1909f56bfc062723c751e8b465ee728b)
Start importing Assets/taret/taret5.fbx using Guid(cf2cde983e7944a05baf2a787c5ff20a) Importer(815301076,1909f56bfc062723c751e8b465ee728b)  -> (artifact id: 'beb63e214091a977b6cace5d35693810') in 0.085540 seconds 
========================================================================
Received Import Request.
  Time since last request: 0.000203 seconds.
  path: Assets/taret/taret2.fbx
  artifactKey: Guid(20a3c9b8a93b94094af1d425d1feab86) Importer(815301076,1909f56bfc062723c751e8b465ee728b)
Start importing Assets/taret/taret2.fbx using Guid(20a3c9b8a93b94094af1d425d1feab86) Importer(815301076,1909f56bfc062723c751e8b465ee728b)  -> (artifact id: '7c391f363e63ed01cbcc5da418fc7126') in 0.068256 seconds 
========================================================================
Received Import Request.
  Time since last request: 86.953503 seconds.
  path: Assets/taret tank/tanktaret1.fbx
  artifactKey: Guid(7104c35e320fd4514871e815a1f7d4d8) Importer(815301076,1909f56bfc062723c751e8b465ee728b)
Start importing Assets/taret tank/tanktaret1.fbx using Guid(7104c35e320fd4514871e815a1f7d4d8) Importer(815301076,1909f56bfc062723c751e8b465ee728b)  -> (artifact id: '5972c89223d72d1cdb5a8f133520f0f8') in 0.198471 seconds 
========================================================================
Received Import Request.
  Time since last request: 0.000230 seconds.
  path: Assets/taret tank/tanktaret3.fbx
  artifactKey: Guid(0434548d8dd1b42868b7366e96fc76ae) Importer(815301076,1909f56bfc062723c751e8b465ee728b)
Start importing Assets/taret tank/tanktaret3.fbx using Guid(0434548d8dd1b42868b7366e96fc76ae) Importer(815301076,1909f56bfc062723c751e8b465ee728b)  -> (artifact id: '66a520baa715f4b7d7696fe40fc0586e') in 0.181569 seconds 
========================================================================
Received Import Request.
  Time since last request: 0.000193 seconds.
  path: Assets/taret tank/tanktaret4.fbx
  artifactKey: Guid(89df53f66c0e84b2f86de509100f9a77) Importer(815301076,1909f56bfc062723c751e8b465ee728b)
Start importing Assets/taret tank/tanktaret4.fbx using Guid(89df53f66c0e84b2f86de509100f9a77) Importer(815301076,1909f56bfc062723c751e8b465ee728b)  -> (artifact id: '7719d52250fd37d15d20b66b86b3a339') in 0.160615 seconds 
========================================================================
Received Import Request.
  Time since last request: 0.000181 seconds.
  path: Assets/taret tank/tanktaret5.fbx
  artifactKey: Guid(2e0eef879269f46fca9d7efc630b23b6) Importer(815301076,1909f56bfc062723c751e8b465ee728b)
Start importing Assets/taret tank/tanktaret5.fbx using Guid(2e0eef879269f46fca9d7efc630b23b6) Importer(815301076,1909f56bfc062723c751e8b465ee728b)  -> (artifact id: 'b9d9f039e6d286abc37a22de4c067c19') in 0.169252 seconds 
========================================================================
Received Import Request.
  Time since last request: 0.000190 seconds.
  path: Assets/taret tank/tanktaret2.fbx
  artifactKey: Guid(568eefe31cf6547b09598286ca5a21ca) Importer(815301076,1909f56bfc062723c751e8b465ee728b)
Start importing Assets/taret tank/tanktaret2.fbx using Guid(568eefe31cf6547b09598286ca5a21ca) Importer(815301076,1909f56bfc062723c751e8b465ee728b)  -> (artifact id: 'f6bfc50856dbc4c9033849b6d57a53b8') in 0.138472 seconds 
========================================================================
Received Import Request.
  Time since last request: 0.676213 seconds.
  path: Assets/uzaytemalı/pist1.fbx
  artifactKey: Guid(8de11f3ef8ffb47bfbbdc465d1a6a022) Importer(815301076,1909f56bfc062723c751e8b465ee728b)
Start importing Assets/uzaytemalı/pist1.fbx using Guid(8de11f3ef8ffb47bfbbdc465d1a6a022) Importer(815301076,1909f56bfc062723c751e8b465ee728b)  -> (artifact id: 'c3027f06cce3d7679dab80d20d0a393b') in 0.042965 seconds 
========================================================================
Received Import Request.
  Time since last request: 0.000212 seconds.
  path: Assets/uzaytemalı/satelbase.fbx
  artifactKey: Guid(28065cae495564b5d8aa0df2ab618a6f) Importer(815301076,1909f56bfc062723c751e8b465ee728b)
Start importing Assets/uzaytemalı/satelbase.fbx using Guid(28065cae495564b5d8aa0df2ab618a6f) Importer(815301076,1909f56bfc062723c751e8b465ee728b)  -> (artifact id: 'b60e2bf82c8f032da2c265d09e7eb5e8') in 0.067293 seconds 
========================================================================
Received Import Request.
  Time since last request: 0.000175 seconds.
  path: Assets/uzaytemalı/pist2 .fbx
  artifactKey: Guid(57400c1f28d904a239a190feadc6d3ca) Importer(815301076,1909f56bfc062723c751e8b465ee728b)
Start importing Assets/uzaytemalı/pist2 .fbx using Guid(57400c1f28d904a239a190feadc6d3ca) Importer(815301076,1909f56bfc062723c751e8b465ee728b)  -> (artifact id: 'e1bd952ba98d29282f144a9109c6e6bf') in 0.025487 seconds 
========================================================================
Received Import Request.
  Time since last request: 0.000160 seconds.
  path: Assets/uzaytemalı/ROKET.fbx
  artifactKey: Guid(5a2caf4afb515426d9bd818fbccd8ed4) Importer(815301076,1909f56bfc062723c751e8b465ee728b)
Start importing Assets/uzaytemalı/ROKET.fbx using Guid(5a2caf4afb515426d9bd818fbccd8ed4) Importer(815301076,1909f56bfc062723c751e8b465ee728b)  -> (artifact id: '4ed5280cd292392d48c3d868e41c73e5') in 0.052484 seconds 
========================================================================
Received Import Request.
  Time since last request: 0.000174 seconds.
  path: Assets/uzaytemalı/ROKETANİMASYONLU.fbx
  artifactKey: Guid(7d2b37351a15048a59535a88d79c8936) Importer(815301076,1909f56bfc062723c751e8b465ee728b)
Start importing Assets/uzaytemalı/ROKETANİMASYONLU.fbx using Guid(7d2b37351a15048a59535a88d79c8936) Importer(815301076,1909f56bfc062723c751e8b465ee728b)  -> (artifact id: 'a20cb426e91c7ed66baf0e0a6dfdbea7') in 0.061037 seconds 
========================================================================
Received Import Request.
  Time since last request: 0.000169 seconds.
  path: Assets/uzaytemalı/solar panel .fbx
  artifactKey: Guid(ec0e388d8f5fc422c9d23f687272d668) Importer(815301076,1909f56bfc062723c751e8b465ee728b)
Start importing Assets/uzaytemalı/solar panel .fbx using Guid(ec0e388d8f5fc422c9d23f687272d668) Importer(815301076,1909f56bfc062723c751e8b465ee728b)  -> (artifact id: '2eadd4b1243bd860867dfd0dafb27dd7') in 0.043675 seconds 
========================================================================
Received Import Request.
  Time since last request: 0.000178 seconds.
  path: Assets/uzaytemalı/solarpanel2.fbx
  artifactKey: Guid(6801b0443ea10480c9f34e0dec2b2b89) Importer(815301076,1909f56bfc062723c751e8b465ee728b)
Start importing Assets/uzaytemalı/solarpanel2.fbx using Guid(6801b0443ea10480c9f34e0dec2b2b89) Importer(815301076,1909f56bfc062723c751e8b465ee728b)  -> (artifact id: '778ab736b01a3e632e355c4e481ecde9') in 0.037283 seconds 
========================================================================
Received Import Request.
  Time since last request: 0.400787 seconds.
  path: Assets/Settings/URPAsset.asset
  artifactKey: Guid(1174a5d013d0161419a75893f9da8d33) Importer(815301076,1909f56bfc062723c751e8b465ee728b)
Start importing Assets/Settings/URPAsset.asset using Guid(1174a5d013d0161419a75893f9da8d33) Importer(815301076,1909f56bfc062723c751e8b465ee728b)  -> (artifact id: '9bb0b394eedd5a5d2b64c40a985ff909') in 0.007968 seconds 
========================================================================
Received Import Request.
  Time since last request: 0.000261 seconds.
  path: Assets/Settings/URPAsset_Renderer.asset
  artifactKey: Guid(fdbaae9295f80d74abf4cc8528a72bdc) Importer(815301076,1909f56bfc062723c751e8b465ee728b)
Start importing Assets/Settings/URPAsset_Renderer.asset using Guid(fdbaae9295f80d74abf4cc8528a72bdc) Importer(815301076,1909f56bfc062723c751e8b465ee728b)  -> (artifact id: '4ef21b05184d80d9dc92bce9638a2fb5') in 0.004214 seconds 
========================================================================
Received Import Request.
  Time since last request: 1971.755336 seconds.
  path: Assets/taret
  artifactKey: Guid(6dd4de1f9af0b49939e591facd1c3d56) Importer(815301076,1909f56bfc062723c751e8b465ee728b)
Start importing Assets/taret using Guid(6dd4de1f9af0b49939e591facd1c3d56) Importer(815301076,1909f56bfc062723c751e8b465ee728b)  -> (artifact id: '5e360bb3d4f1863aa5ad4ec566bb1034') in 0.005004 seconds 
========================================================================
Received Import Request.
  Time since last request: 38.055920 seconds.
  path: Assets/taret/taret1.fbx
  artifactKey: Guid(ec9454ae2823842ac923e23917c9790b) Importer(815301076,1909f56bfc062723c751e8b465ee728b)
Start importing Assets/taret/taret1.fbx using Guid(ec9454ae2823842ac923e23917c9790b) Importer(815301076,1909f56bfc062723c751e8b465ee728b)  -> (artifact id: '7e37ccb807204ba4f2052f2823f0c558') in 0.121016 seconds 
========================================================================
Received Import Request.
  Time since last request: 0.000169 seconds.
  path: Assets/taret/TARET4.fbx
  artifactKey: Guid(396bf50c2739d4814a4947cf12853f70) Importer(815301076,1909f56bfc062723c751e8b465ee728b)
Start importing Assets/taret/TARET4.fbx using Guid(396bf50c2739d4814a4947cf12853f70) Importer(815301076,1909f56bfc062723c751e8b465ee728b)  -> (artifact id: '13bc41110e35aaf3b63492f190801c50') in 0.054978 seconds 
========================================================================
Received Import Request.
  Time since last request: 0.000203 seconds.
  path: Assets/taret/taret3.fbx
  artifactKey: Guid(588cd79df017946b395b2835b3b01ffb) Importer(815301076,1909f56bfc062723c751e8b465ee728b)
Start importing Assets/taret/taret3.fbx using Guid(588cd79df017946b395b2835b3b01ffb) Importer(815301076,1909f56bfc062723c751e8b465ee728b)  -> (artifact id: 'fa5f3009c04098c9519e6474dbe673c1') in 0.057570 seconds 
========================================================================
Received Import Request.
  Time since last request: 0.000202 seconds.
  path: Assets/taret/taret2.fbx
  artifactKey: Guid(20a3c9b8a93b94094af1d425d1feab86) Importer(815301076,1909f56bfc062723c751e8b465ee728b)
Start importing Assets/taret/taret2.fbx using Guid(20a3c9b8a93b94094af1d425d1feab86) Importer(815301076,1909f56bfc062723c751e8b465ee728b)  -> (artifact id: '811b2c7673fa68edfbfd0756c6bc631b') in 0.062174 seconds 
========================================================================
Received Import Request.
  Time since last request: 32.861474 seconds.
  path: Assets/taret tank/tanktaret1.fbx
  artifactKey: Guid(7104c35e320fd4514871e815a1f7d4d8) Importer(815301076,1909f56bfc062723c751e8b465ee728b)
Start importing Assets/taret tank/tanktaret1.fbx using Guid(7104c35e320fd4514871e815a1f7d4d8) Importer(815301076,1909f56bfc062723c751e8b465ee728b)  -> (artifact id: 'edffdec3b0984150843dda472097ca65') in 0.085484 seconds 
========================================================================
Received Import Request.
  Time since last request: 0.000190 seconds.
  path: Assets/taret tank/tanktaret3.fbx
  artifactKey: Guid(0434548d8dd1b42868b7366e96fc76ae) Importer(815301076,1909f56bfc062723c751e8b465ee728b)
Start importing Assets/taret tank/tanktaret3.fbx using Guid(0434548d8dd1b42868b7366e96fc76ae) Importer(815301076,1909f56bfc062723c751e8b465ee728b)  -> (artifact id: '09c665a2b3af223a85fdb643e412c9dd') in 0.115487 seconds 
========================================================================
Received Import Request.
  Time since last request: 0.000179 seconds.
  path: Assets/taret tank/tanktaret4.fbx
  artifactKey: Guid(89df53f66c0e84b2f86de509100f9a77) Importer(815301076,1909f56bfc062723c751e8b465ee728b)
Start importing Assets/taret tank/tanktaret4.fbx using Guid(89df53f66c0e84b2f86de509100f9a77) Importer(815301076,1909f56bfc062723c751e8b465ee728b)  -> (artifact id: 'b75e3a93cc4fcac19abe0f4e832b8562') in 0.102459 seconds 
========================================================================
Received Import Request.
  Time since last request: 0.000176 seconds.
  path: Assets/taret tank/tanktaret5.fbx
  artifactKey: Guid(2e0eef879269f46fca9d7efc630b23b6) Importer(815301076,1909f56bfc062723c751e8b465ee728b)
Start importing Assets/taret tank/tanktaret5.fbx using Guid(2e0eef879269f46fca9d7efc630b23b6) Importer(815301076,1909f56bfc062723c751e8b465ee728b)  -> (artifact id: 'bc3b4f20b5de243a2bbc5aa250db24c7') in 0.111867 seconds 
========================================================================
Received Import Request.
  Time since last request: 0.000168 seconds.
  path: Assets/taret tank/tanktaret2.fbx
  artifactKey: Guid(568eefe31cf6547b09598286ca5a21ca) Importer(815301076,1909f56bfc062723c751e8b465ee728b)
Start importing Assets/taret tank/tanktaret2.fbx using Guid(568eefe31cf6547b09598286ca5a21ca) Importer(815301076,1909f56bfc062723c751e8b465ee728b)  -> (artifact id: '358fb517b5bff2b39a805b10f1f69b6d') in 0.087054 seconds 
========================================================================
Received Import Request.
  Time since last request: 18.704480 seconds.
  path: Assets/Scenes/SampleScene.unity
  artifactKey: Guid(9fc0d4010bbf28b4594072e72b8655ab) Importer(815301076,1909f56bfc062723c751e8b465ee728b)
Start importing Assets/Scenes/SampleScene.unity using Guid(9fc0d4010bbf28b4594072e72b8655ab) Importer(815301076,1909f56bfc062723c751e8b465ee728b)  -> (artifact id: 'd4f21d77f786229817c996ff9edcaa76') in 0.001595 seconds 
